<?xml version="1.0" encoding="UTF-8"?>
<!-- Generated by org.testng.reporters.JUnitXMLReporter -->
<testsuite ignored="0" hostname="DESKTOP-8RI6OF2" failures="0" tests="3" name="Test" time="0.066" errors="0" timestamp="2022-07-13T17:06:34 IST">
  <testcase classname="practice.SampleContactTest" name="createOrganization" time="0.008"/>
  <testcase classname="practice.SampleTest" name="createAndDeleteContact" time="0.001"/>
  <testcase classname="practice.SampleTest" name="createContact" time="0.002"/>
</testsuite> <!-- Test -->
