<?xml version="1.0" encoding="UTF-8"?>
<testng-results skipped="0" failed="0" total="1" passed="1">
  <reporter-output>
  </reporter-output>
  <suite name="Default suite" duration-ms="3476" started-at="2022-07-14T13:33:02Z" finished-at="2022-07-14T13:33:06Z">
    <groups>
    </groups>
    <test name="Default test" duration-ms="3476" started-at="2022-07-14T13:33:02Z" finished-at="2022-07-14T13:33:06Z">
      <class name="practice.SampleContactTest">
        <test-method status="PASS" signature="createOrganization()" name="createOrganization" duration-ms="3465" started-at="2022-07-14T13:33:02Z" finished-at="2022-07-14T13:33:06Z">
        </test-method>
      </class>
    </test>
  </suite>
</testng-results>
